<?xml version="1.0" encoding="UTF-8"?>
<!-- Generated by org.testng.reporters.JUnitXMLReporter -->
<testsuite ignored="1" hostname="ANIRUDDHA" failures="0" tests="2" name="Default test" time="43.543" errors="0" timestamp="2023-01-30T12:58:05 IST">
  <testcase classname="WebAutomation.Testcases.UserRegistration" name="userLogin" time="2.283"/>
  <testcase classname="WebAutomation.Testcases.UserRegistration" name="userLogin" time="2.159"/>
  <testcase classname="WebAutomation.Testcases.UserRegistration" name="userRegister" time="0.0">
    <ignored/>
  </testcase> <!-- userRegister -->
</testsuite> <!-- Default test -->
