<?xml version="1.0" encoding="UTF-8"?>
<!-- Generated by org.testng.reporters.JUnitXMLReporter -->
<testsuite ignored="1" hostname="RAHUL-ZENBOOK" failures="0" tests="4" name="Default test" time="38.126" errors="0" timestamp="2023-01-29T16:50:12 IST">
  <testcase classname="WebAutomation.Testcases.CommunityPollTest" name="communityPollwithLogin" time="2.799"/>
  <testcase classname="WebAutomation.Testcases.CommunityPollTest" name="communityPollwithLogin" time="1.907"/>
  <testcase classname="WebAutomation.Testcases.CommunityPollTest" name="communityPollwithLogin" time="2.454"/>
  <testcase classname="WebAutomation.Testcases.CommunityPollTest" name="communityPollwithLogin" time="2.604"/>
  <testcase classname="WebAutomation.Testcases.CommunityPollTest" name="communityPollwithoutLogin" time="0.0">
    <ignored/>
  </testcase> <!-- communityPollwithoutLogin -->
</testsuite> <!-- Default test -->
