<?xml version="1.0" encoding="UTF-8"?>
<!-- Generated by org.testng.reporters.JUnitXMLReporter -->
<testsuite ignored="1" hostname="RAHUL-ZENBOOK" failures="0" tests="4" name="Community Poll Test" time="26.948" errors="0" timestamp="2023-01-29T17:02:18 IST">
  <testcase classname="WebAutomation.Testcases.CommunityPollTest" name="communityPollwithoutLogin" time="0.0">
    <skipped/>
  </testcase> <!-- communityPollwithoutLogin -->
  <testcase classname="WebAutomation.Testcases.CommunityPollTest" name="communityPollwithoutLogin" time="0.001">
    <skipped/>
  </testcase> <!-- communityPollwithoutLogin -->
  <testcase classname="WebAutomation.Testcases.CommunityPollTest" name="communityPollwithoutLogin" time="0.001">
    <skipped/>
  </testcase> <!-- communityPollwithoutLogin -->
  <testcase classname="WebAutomation.Testcases.CommunityPollTest" name="communityPollwithoutLogin" time="0.001">
    <skipped/>
  </testcase> <!-- communityPollwithoutLogin -->
  <testcase classname="WebAutomation.Testcases.CommunityPollTest" name="communityPollwithLogin" time="0.0">
    <ignored/>
  </testcase> <!-- communityPollwithLogin -->
</testsuite> <!-- Community Poll Test -->
