<?xml version="1.0" encoding="UTF-8"?>
<!-- Generated by org.testng.reporters.JUnitXMLReporter -->
<testsuite ignored="0" hostname="ANIRUDDHA" failures="0" tests="2" name="Currency Conversion Test" time="38.936" errors="0" timestamp="2023-01-30T13:42:24 IST">
  <testcase classname="WebAutomation.Testcases.CurrencyConversion" name="currencyConvTest" time="0.142"/>
  <testcase classname="WebAutomation.Testcases.CurrencyConversion" name="currencyConvTest" time="1.016"/>
</testsuite> <!-- Currency Conversion Test -->
